<?xml version="1.0" encoding="UTF-8"?>
<testsuite name="com.won.book.springboot.web.HelloControllerTest" tests="2" skipped="0" failures="0" errors="0" timestamp="2020-07-28T06:17:46" hostname="LAPTOP-HAL3GMH8" time="0.289">
  <properties/>
  <testcase name="hello가_리턴된다" classname="com.won.book.springboot.web.HelloControllerTest" time="0.1"/>
  <testcase name="helloDto가_리턴된다" classname="com.won.book.springboot.web.HelloControllerTest" time="0.188"/>
  <system-out><![CDATA[2020-07-28 15:17:42.946  INFO 23956 --- [    Test worker] .b.t.a.w.s.WebMvcTestContextBootstrapper : Neither @ContextConfiguration nor @ContextHierarchy found for test class [com.won.book.springboot.web.HelloControllerTest], using SpringBootContextLoader
2020-07-28 15:17:42.949  INFO 23956 --- [    Test worker] o.s.t.c.support.AbstractContextLoader    : Could not detect default resource locations for test class [com.won.book.springboot.web.HelloControllerTest]: no resource found for suffixes {-context.xml, Context.groovy}.
2020-07-28 15:17:42.950  INFO 23956 --- [    Test worker] t.c.s.AnnotationConfigContextLoaderUtils : Could not detect default configuration classes for test class [com.won.book.springboot.web.HelloControllerTest]: HelloControllerTest does not declare any static, non-private, non-final, nested classes annotated with @Configuration.
2020-07-28 15:17:42.995  INFO 23956 --- [    Test worker] .b.t.c.SpringBootTestContextBootstrapper : Found @SpringBootConfiguration com.won.book.springboot.Application for test class com.won.book.springboot.web.HelloControllerTest
2020-07-28 15:17:43.001  INFO 23956 --- [    Test worker] .b.t.a.w.s.WebMvcTestContextBootstrapper : Loaded default TestExecutionListener class names from location [META-INF/spring.factories]: [org.springframework.security.test.context.support.WithSecurityContextTestExecutionListener, org.springframework.security.test.context.support.ReactorContextTestExecutionListener, org.springframework.boot.test.autoconfigure.restdocs.RestDocsTestExecutionListener, org.springframework.boot.test.autoconfigure.web.client.MockRestServiceServerResetTestExecutionListener, org.springframework.boot.test.autoconfigure.web.servlet.MockMvcPrintOnlyOnFailureTestExecutionListener, org.springframework.boot.test.autoconfigure.web.servlet.WebDriverTestExecutionListener, org.springframework.boot.test.mock.mockito.MockitoTestExecutionListener, org.springframework.boot.test.mock.mockito.ResetMocksTestExecutionListener, org.springframework.test.context.web.ServletTestExecutionListener, org.springframework.test.context.support.DirtiesContextBeforeModesTestExecutionListener, org.springframework.test.context.support.DependencyInjectionTestExecutionListener, org.springframework.test.context.support.DirtiesContextTestExecutionListener, org.springframework.test.context.transaction.TransactionalTestExecutionListener, org.springframework.test.context.jdbc.SqlScriptsTestExecutionListener]
2020-07-28 15:17:43.003  INFO 23956 --- [    Test worker] .b.t.a.w.s.WebMvcTestContextBootstrapper : Using TestExecutionListeners: [org.springframework.test.context.web.ServletTestExecutionListener@7ddf1c87, org.springframework.test.context.support.DirtiesContextBeforeModesTestExecutionListener@3695c51e, org.springframework.boot.test.mock.mockito.MockitoTestExecutionListener@59f2c1e0, org.springframework.boot.test.autoconfigure.SpringBootDependencyInjectionTestExecutionListener@30c43149, org.springframework.test.context.support.DirtiesContextTestExecutionListener@357a38f2, org.springframework.test.context.transaction.TransactionalTestExecutionListener@2d5fb676, org.springframework.test.context.jdbc.SqlScriptsTestExecutionListener@626d9ffc, org.springframework.security.test.context.support.WithSecurityContextTestExecutionListener@73b2a481, org.springframework.security.test.context.support.ReactorContextTestExecutionListener@17ebafad, org.springframework.boot.test.autoconfigure.restdocs.RestDocsTestExecutionListener@47574720, org.springframework.boot.test.autoconfigure.web.client.MockRestServiceServerResetTestExecutionListener@49cba249, org.springframework.boot.test.autoconfigure.web.servlet.MockMvcPrintOnlyOnFailureTestExecutionListener@2f3b915d, org.springframework.boot.test.autoconfigure.web.servlet.WebDriverTestExecutionListener@65e7c5d0, org.springframework.boot.test.mock.mockito.ResetMocksTestExecutionListener@1874e00b]

  .   ____          _            __ _ _
 /\\ / ___'_ __ _ _(_)_ __  __ _ \ \ \ \
( ( )\___ | '_ | '_| | '_ \/ _` | \ \ \ \
 \\/  ___)| |_)| | | | | || (_| |  ) ) ) )
  '  |____| .__|_| |_|_| |_\__, | / / / /
 =========|_|==============|___/=/_/_/_/
 :: Spring Boot ::        (v2.1.9.RELEASE)

2020-07-28 15:17:43.180  INFO 23956 --- [    Test worker] c.w.b.s.web.HelloControllerTest          : Starting HelloControllerTest on LAPTOP-HAL3GMH8 with PID 23956 (started by smartzone in C:\Users\smartzone\webp)
2020-07-28 15:17:43.185  INFO 23956 --- [    Test worker] c.w.b.s.web.HelloControllerTest          : No active profile set, falling back to default profiles: default
2020-07-28 15:17:44.831  INFO 23956 --- [    Test worker] o.s.s.concurrent.ThreadPoolTaskExecutor  : Initializing ExecutorService 'applicationTaskExecutor'
2020-07-28 15:17:44.916  INFO 23956 --- [    Test worker] o.s.b.a.w.s.WelcomePageHandlerMapping    : Adding welcome page template: index
2020-07-28 15:17:45.630  INFO 23956 --- [    Test worker] .s.s.UserDetailsServiceAutoConfiguration : 

Using generated security password: a05f299f-f280-4295-9227-f15499ee9f74

2020-07-28 15:17:45.960  INFO 23956 --- [    Test worker] o.s.s.web.DefaultSecurityFilterChain     : Creating filter chain: any request, [org.springframework.security.web.context.request.async.WebAsyncManagerIntegrationFilter@2d9cfc91, org.springframework.security.web.context.SecurityContextPersistenceFilter@12030729, org.springframework.security.web.header.HeaderWriterFilter@58de2767, org.springframework.security.web.csrf.CsrfFilter@4833b855, org.springframework.security.web.authentication.logout.LogoutFilter@53bdbf4, org.springframework.security.web.authentication.UsernamePasswordAuthenticationFilter@9d085d1, org.springframework.security.web.authentication.ui.DefaultLoginPageGeneratingFilter@41e945b4, org.springframework.security.web.authentication.ui.DefaultLogoutPageGeneratingFilter@602bd495, org.springframework.security.web.authentication.www.BasicAuthenticationFilter@6a36b8c4, org.springframework.security.web.savedrequest.RequestCacheAwareFilter@33edbcd9, org.springframework.security.web.servletapi.SecurityContextHolderAwareRequestFilter@1a2140dc, org.springframework.security.web.authentication.AnonymousAuthenticationFilter@3f84a0cc, org.springframework.security.web.session.SessionManagementFilter@dfadd39, org.springframework.security.web.access.ExceptionTranslationFilter@4bfd5656, org.springframework.security.web.access.intercept.FilterSecurityInterceptor@205ddf32]
2020-07-28 15:17:46.007  INFO 23956 --- [    Test worker] o.s.b.t.m.w.SpringBootMockServletContext : Initializing Spring TestDispatcherServlet ''
2020-07-28 15:17:46.007  INFO 23956 --- [    Test worker] o.s.t.web.servlet.TestDispatcherServlet  : Initializing Servlet ''
2020-07-28 15:17:46.030  INFO 23956 --- [    Test worker] o.s.t.web.servlet.TestDispatcherServlet  : Completed initialization in 23 ms
2020-07-28 15:17:46.105  INFO 23956 --- [    Test worker] c.w.b.s.web.HelloControllerTest          : Started HelloControllerTest in 3.097 seconds (JVM running for 41.274)
]]></system-out>
  <system-err><![CDATA[]]></system-err>
</testsuite>
