<?xml version="1.0" encoding="UTF-8"?>
<testsuite name="com.won.book.springboot.web.ProfileControllerTest" tests="1" skipped="0" failures="0" errors="0" timestamp="2020-08-07T07:39:21" hostname="LAPTOP-HAL3GMH8" time="1.144">
  <properties/>
  <testcase name="profile은_인증없이_호출된다" classname="com.won.book.springboot.web.ProfileControllerTest" time="1.144"/>
  <system-out><![CDATA[16:38:56.998 [Test worker] DEBUG org.springframework.test.context.junit4.SpringJUnit4ClassRunner - SpringJUnit4ClassRunner constructor called with [class com.won.book.springboot.web.ProfileControllerTest]
16:38:57.017 [Test worker] DEBUG org.springframework.test.context.BootstrapUtils - Instantiating CacheAwareContextLoaderDelegate from class [org.springframework.test.context.cache.DefaultCacheAwareContextLoaderDelegate]
16:38:57.055 [Test worker] DEBUG org.springframework.test.context.BootstrapUtils - Instantiating BootstrapContext using constructor [public org.springframework.test.context.support.DefaultBootstrapContext(java.lang.Class,org.springframework.test.context.CacheAwareContextLoaderDelegate)]
16:38:57.130 [Test worker] DEBUG org.springframework.test.context.BootstrapUtils - Instantiating TestContextBootstrapper for test class [com.won.book.springboot.web.ProfileControllerTest] from class [org.springframework.boot.test.context.SpringBootTestContextBootstrapper]
16:38:57.169 [Test worker] INFO org.springframework.boot.test.context.SpringBootTestContextBootstrapper - Neither @ContextConfiguration nor @ContextHierarchy found for test class [com.won.book.springboot.web.ProfileControllerTest], using SpringBootContextLoader
16:38:57.177 [Test worker] DEBUG org.springframework.test.context.support.AbstractContextLoader - Did not detect default resource location for test class [com.won.book.springboot.web.ProfileControllerTest]: class path resource [com/won/book/springboot/web/ProfileControllerTest-context.xml] does not exist
16:38:57.179 [Test worker] DEBUG org.springframework.test.context.support.AbstractContextLoader - Did not detect default resource location for test class [com.won.book.springboot.web.ProfileControllerTest]: class path resource [com/won/book/springboot/web/ProfileControllerTestContext.groovy] does not exist
16:38:57.179 [Test worker] INFO org.springframework.test.context.support.AbstractContextLoader - Could not detect default resource locations for test class [com.won.book.springboot.web.ProfileControllerTest]: no resource found for suffixes {-context.xml, Context.groovy}.
16:38:57.181 [Test worker] INFO org.springframework.test.context.support.AnnotationConfigContextLoaderUtils - Could not detect default configuration classes for test class [com.won.book.springboot.web.ProfileControllerTest]: ProfileControllerTest does not declare any static, non-private, non-final, nested classes annotated with @Configuration.
16:38:57.324 [Test worker] DEBUG org.springframework.test.context.support.ActiveProfilesUtils - Could not find an 'annotation declaring class' for annotation type [org.springframework.test.context.ActiveProfiles] and class [com.won.book.springboot.web.ProfileControllerTest]
16:38:57.752 [Test worker] DEBUG org.springframework.context.annotation.ClassPathScanningCandidateComponentProvider - Identified candidate component class: file [C:\Users\smartzone\webp\build\classes\java\main\com\won\book\springboot\Application.class]
16:38:57.758 [Test worker] INFO org.springframework.boot.test.context.SpringBootTestContextBootstrapper - Found @SpringBootConfiguration com.won.book.springboot.Application for test class com.won.book.springboot.web.ProfileControllerTest
16:38:58.160 [Test worker] DEBUG org.springframework.boot.test.context.SpringBootTestContextBootstrapper - @TestExecutionListeners is not present for class [com.won.book.springboot.web.ProfileControllerTest]: using defaults.
16:38:58.161 [Test worker] INFO org.springframework.boot.test.context.SpringBootTestContextBootstrapper - Loaded default TestExecutionListener class names from location [META-INF/spring.factories]: [org.springframework.security.test.context.support.WithSecurityContextTestExecutionListener, org.springframework.security.test.context.support.ReactorContextTestExecutionListener, org.springframework.boot.test.autoconfigure.restdocs.RestDocsTestExecutionListener, org.springframework.boot.test.autoconfigure.web.client.MockRestServiceServerResetTestExecutionListener, org.springframework.boot.test.autoconfigure.web.servlet.MockMvcPrintOnlyOnFailureTestExecutionListener, org.springframework.boot.test.autoconfigure.web.servlet.WebDriverTestExecutionListener, org.springframework.boot.test.mock.mockito.MockitoTestExecutionListener, org.springframework.boot.test.mock.mockito.ResetMocksTestExecutionListener, org.springframework.test.context.web.ServletTestExecutionListener, org.springframework.test.context.support.DirtiesContextBeforeModesTestExecutionListener, org.springframework.test.context.support.DependencyInjectionTestExecutionListener, org.springframework.test.context.support.DirtiesContextTestExecutionListener, org.springframework.test.context.transaction.TransactionalTestExecutionListener, org.springframework.test.context.jdbc.SqlScriptsTestExecutionListener]
16:38:58.237 [Test worker] INFO org.springframework.boot.test.context.SpringBootTestContextBootstrapper - Using TestExecutionListeners: [org.springframework.test.context.web.ServletTestExecutionListener@4fc0958d, org.springframework.test.context.support.DirtiesContextBeforeModesTestExecutionListener@42adc977, org.springframework.boot.test.mock.mockito.MockitoTestExecutionListener@7ef5b26d, org.springframework.boot.test.autoconfigure.SpringBootDependencyInjectionTestExecutionListener@6bb9bf97, org.springframework.test.context.support.DirtiesContextTestExecutionListener@209e3390, org.springframework.test.context.transaction.TransactionalTestExecutionListener@cd4b085, org.springframework.test.context.jdbc.SqlScriptsTestExecutionListener@5f610da8, org.springframework.security.test.context.support.WithSecurityContextTestExecutionListener@790254d4, org.springframework.security.test.context.support.ReactorContextTestExecutionListener@2851fad7, org.springframework.boot.test.autoconfigure.restdocs.RestDocsTestExecutionListener@1a827c0, org.springframework.boot.test.autoconfigure.web.client.MockRestServiceServerResetTestExecutionListener@56736610, org.springframework.boot.test.autoconfigure.web.servlet.MockMvcPrintOnlyOnFailureTestExecutionListener@3d3c2cfe, org.springframework.boot.test.autoconfigure.web.servlet.WebDriverTestExecutionListener@1a9ceecc, org.springframework.boot.test.mock.mockito.ResetMocksTestExecutionListener@5a4a5c78]
16:38:58.245 [Test worker] DEBUG org.springframework.test.annotation.ProfileValueUtils - Retrieved @ProfileValueSourceConfiguration [null] for test class [com.won.book.springboot.web.ProfileControllerTest]
16:38:58.246 [Test worker] DEBUG org.springframework.test.annotation.ProfileValueUtils - Retrieved ProfileValueSource type [class org.springframework.test.annotation.SystemProfileValueSource] for class [com.won.book.springboot.web.ProfileControllerTest]
16:38:58.250 [Test worker] DEBUG org.springframework.test.annotation.ProfileValueUtils - Retrieved @ProfileValueSourceConfiguration [null] for test class [com.won.book.springboot.web.ProfileControllerTest]
16:38:58.254 [Test worker] DEBUG org.springframework.test.annotation.ProfileValueUtils - Retrieved ProfileValueSource type [class org.springframework.test.annotation.SystemProfileValueSource] for class [com.won.book.springboot.web.ProfileControllerTest]
16:38:58.256 [Test worker] DEBUG org.springframework.test.annotation.ProfileValueUtils - Retrieved @ProfileValueSourceConfiguration [null] for test class [com.won.book.springboot.web.ProfileControllerTest]
16:38:58.259 [Test worker] DEBUG org.springframework.test.annotation.ProfileValueUtils - Retrieved ProfileValueSource type [class org.springframework.test.annotation.SystemProfileValueSource] for class [com.won.book.springboot.web.ProfileControllerTest]
16:38:58.278 [Test worker] DEBUG org.springframework.test.context.support.AbstractDirtiesContextTestExecutionListener - Before test class: context [DefaultTestContext@68b8413f testClass = ProfileControllerTest, testInstance = [null], testMethod = [null], testException = [null], mergedContextConfiguration = [WebMergedContextConfiguration@20fb6e5b testClass = ProfileControllerTest, locations = '{}', classes = '{class com.won.book.springboot.Application}', contextInitializerClasses = '[]', activeProfiles = '{}', propertySourceLocations = '{}', propertySourceProperties = '{org.springframework.boot.test.context.SpringBootTestContextBootstrapper=true, server.port=0}', contextCustomizers = set[org.springframework.boot.test.autoconfigure.properties.PropertyMappingContextCustomizer@0, org.springframework.boot.test.autoconfigure.web.servlet.WebDriverContextCustomizerFactory$Customizer@263d3077, org.springframework.boot.test.context.filter.ExcludeFilterContextCustomizer@5dcd3cf7, org.springframework.boot.test.json.DuplicateJsonObjectContextCustomizerFactory$DuplicateJsonObjectContextCustomizer@37942cc1, org.springframework.boot.test.mock.mockito.MockitoContextCustomizer@0, org.springframework.boot.test.web.client.TestRestTemplateContextCustomizer@3ae21b00], resourceBasePath = 'src/main/webapp', contextLoader = 'org.springframework.boot.test.context.SpringBootContextLoader', parent = [null]], attributes = map['org.springframework.test.context.web.ServletTestExecutionListener.activateListener' -> false]], class annotated with @DirtiesContext [false] with mode [null].
16:38:58.281 [Test worker] DEBUG org.springframework.test.annotation.ProfileValueUtils - Retrieved @ProfileValueSourceConfiguration [null] for test class [com.won.book.springboot.web.ProfileControllerTest]
16:38:58.282 [Test worker] DEBUG org.springframework.test.annotation.ProfileValueUtils - Retrieved ProfileValueSource type [class org.springframework.test.annotation.SystemProfileValueSource] for class [com.won.book.springboot.web.ProfileControllerTest]
16:38:58.307 [Test worker] DEBUG org.springframework.test.context.support.DependencyInjectionTestExecutionListener - Performing dependency injection for test context [[DefaultTestContext@68b8413f testClass = ProfileControllerTest, testInstance = com.won.book.springboot.web.ProfileControllerTest@7856d7ba, testMethod = [null], testException = [null], mergedContextConfiguration = [WebMergedContextConfiguration@20fb6e5b testClass = ProfileControllerTest, locations = '{}', classes = '{class com.won.book.springboot.Application}', contextInitializerClasses = '[]', activeProfiles = '{}', propertySourceLocations = '{}', propertySourceProperties = '{org.springframework.boot.test.context.SpringBootTestContextBootstrapper=true, server.port=0}', contextCustomizers = set[org.springframework.boot.test.autoconfigure.properties.PropertyMappingContextCustomizer@0, org.springframework.boot.test.autoconfigure.web.servlet.WebDriverContextCustomizerFactory$Customizer@263d3077, org.springframework.boot.test.context.filter.ExcludeFilterContextCustomizer@5dcd3cf7, org.springframework.boot.test.json.DuplicateJsonObjectContextCustomizerFactory$DuplicateJsonObjectContextCustomizer@37942cc1, org.springframework.boot.test.mock.mockito.MockitoContextCustomizer@0, org.springframework.boot.test.web.client.TestRestTemplateContextCustomizer@3ae21b00], resourceBasePath = 'src/main/webapp', contextLoader = 'org.springframework.boot.test.context.SpringBootContextLoader', parent = [null]], attributes = map['org.springframework.test.context.web.ServletTestExecutionListener.activateListener' -> false]]].
16:38:58.366 [Test worker] DEBUG org.springframework.test.context.support.TestPropertySourceUtils - Adding inlined properties to environment: {spring.jmx.enabled=false, org.springframework.boot.test.context.SpringBootTestContextBootstrapper=true, server.port=0}

  .   ____          _            __ _ _
 /\\ / ___'_ __ _ _(_)_ __  __ _ \ \ \ \
( ( )\___ | '_ | '_| | '_ \/ _` | \ \ \ \
 \\/  ___)| |_)| | | | | || (_| |  ) ) ) )
  '  |____| .__|_| |_|_| |_\__, | / / / /
 =========|_|==============|___/=/_/_/_/
 :: Spring Boot ::        (v2.1.9.RELEASE)

2020-08-07 16:38:59.261  INFO 20876 --- [    Test worker] c.w.b.s.web.ProfileControllerTest        : Starting ProfileControllerTest on LAPTOP-HAL3GMH8 with PID 20876 (started by smartzone in C:\Users\smartzone\webp)
2020-08-07 16:38:59.265  INFO 20876 --- [    Test worker] c.w.b.s.web.ProfileControllerTest        : No active profile set, falling back to default profiles: default
2020-08-07 16:39:02.192  INFO 20876 --- [    Test worker] .s.d.r.c.RepositoryConfigurationDelegate : Bootstrapping Spring Data repositories in DEFAULT mode.
2020-08-07 16:39:02.379  INFO 20876 --- [    Test worker] .s.d.r.c.RepositoryConfigurationDelegate : Finished Spring Data repository scanning in 168ms. Found 2 repository interfaces.
2020-08-07 16:39:03.788  INFO 20876 --- [    Test worker] trationDelegate$BeanPostProcessorChecker : Bean 'org.springframework.transaction.annotation.ProxyTransactionManagementConfiguration' of type [org.springframework.transaction.annotation.ProxyTransactionManagementConfiguration$$EnhancerBySpringCGLIB$$f1872418] is not eligible for getting processed by all BeanPostProcessors (for example: not eligible for auto-proxying)
2020-08-07 16:39:04.922  INFO 20876 --- [    Test worker] o.s.b.w.embedded.tomcat.TomcatWebServer  : Tomcat initialized with port(s): 0 (http)
2020-08-07 16:39:04.980  INFO 20876 --- [    Test worker] o.apache.catalina.core.StandardService   : Starting service [Tomcat]
2020-08-07 16:39:04.981  INFO 20876 --- [    Test worker] org.apache.catalina.core.StandardEngine  : Starting Servlet engine: [Apache Tomcat/9.0.26]
2020-08-07 16:39:05.605  INFO 20876 --- [    Test worker] o.a.c.c.C.[Tomcat].[localhost].[/]       : Initializing Spring embedded WebApplicationContext
2020-08-07 16:39:05.607  INFO 20876 --- [    Test worker] o.s.web.context.ContextLoader            : Root WebApplicationContext: initialization completed in 6232 ms
2020-08-07 16:39:06.717  INFO 20876 --- [    Test worker] com.zaxxer.hikari.HikariDataSource       : HikariPool-1 - Starting...
2020-08-07 16:39:07.378  INFO 20876 --- [    Test worker] com.zaxxer.hikari.HikariDataSource       : HikariPool-1 - Start completed.
2020-08-07 16:39:07.930  INFO 20876 --- [    Test worker] o.hibernate.jpa.internal.util.LogHelper  : HHH000204: Processing PersistenceUnitInfo [
	name: default
	...]
2020-08-07 16:39:08.285  INFO 20876 --- [    Test worker] org.hibernate.Version                    : HHH000412: Hibernate Core {5.3.12.Final}
2020-08-07 16:39:08.294  INFO 20876 --- [    Test worker] org.hibernate.cfg.Environment            : HHH000206: hibernate.properties not found
2020-08-07 16:39:08.911  INFO 20876 --- [    Test worker] o.hibernate.annotations.common.Version   : HCANN000001: Hibernate Commons Annotations {5.0.4.Final}
2020-08-07 16:39:09.497  INFO 20876 --- [    Test worker] org.hibernate.dialect.Dialect            : HHH000400: Using dialect: org.hibernate.dialect.MySQL5InnoDBDialect
Hibernate: drop table if exists posts
Hibernate: drop table if exists user
Hibernate: create table posts (id bigint not null auto_increment, created_date datetime, modified_date datetime, author varchar(255), content TEXT not null, title varchar(500) not null, primary key (id)) engine=InnoDB
Hibernate: create table user (id bigint not null auto_increment, created_date datetime, modified_date datetime, email varchar(255) not null, name varchar(255) not null, picture varchar(255), role varchar(255) not null, primary key (id)) engine=InnoDB
2020-08-07 16:39:12.107  INFO 20876 --- [    Test worker] o.h.t.schema.internal.SchemaCreatorImpl  : HHH000476: Executing import script 'org.hibernate.tool.schema.internal.exec.ScriptSourceInputNonExistentImpl@386f72a5'
2020-08-07 16:39:12.118  INFO 20876 --- [    Test worker] j.LocalContainerEntityManagerFactoryBean : Initialized JPA EntityManagerFactory for persistence unit 'default'
2020-08-07 16:39:15.917  INFO 20876 --- [    Test worker] o.h.h.i.QueryTranslatorFactoryInitiator  : HHH000397: Using ASTQueryTranslatorFactory
2020-08-07 16:39:17.544  INFO 20876 --- [    Test worker] o.s.s.web.DefaultSecurityFilterChain     : Creating filter chain: any request, [org.springframework.security.web.context.request.async.WebAsyncManagerIntegrationFilter@31be42e9, org.springframework.security.web.context.SecurityContextPersistenceFilter@5425cd84, org.springframework.security.web.header.HeaderWriterFilter@345ddd9b, org.springframework.security.web.authentication.logout.LogoutFilter@3da7a96b, org.springframework.security.oauth2.client.web.OAuth2AuthorizationRequestRedirectFilter@610ba57a, org.springframework.security.oauth2.client.web.OAuth2LoginAuthenticationFilter@16681976, org.springframework.security.web.authentication.ui.DefaultLoginPageGeneratingFilter@72810c49, org.springframework.security.web.authentication.ui.DefaultLogoutPageGeneratingFilter@47dd2dd3, org.springframework.security.web.savedrequest.RequestCacheAwareFilter@d2e3718, org.springframework.security.web.servletapi.SecurityContextHolderAwareRequestFilter@33e60d40, org.springframework.security.web.authentication.AnonymousAuthenticationFilter@28726b38, org.springframework.security.web.session.SessionManagementFilter@7bbc05ad, org.springframework.security.web.access.ExceptionTranslationFilter@7313c777, org.springframework.security.web.access.intercept.FilterSecurityInterceptor@7512206e]
2020-08-07 16:39:18.971  INFO 20876 --- [    Test worker] o.s.s.concurrent.ThreadPoolTaskExecutor  : Initializing ExecutorService 'applicationTaskExecutor'
2020-08-07 16:39:19.162  WARN 20876 --- [    Test worker] aWebConfiguration$JpaWebMvcConfiguration : spring.jpa.open-in-view is enabled by default. Therefore, database queries may be performed during view rendering. Explicitly configure spring.jpa.open-in-view to disable this warning
2020-08-07 16:39:19.444  INFO 20876 --- [    Test worker] o.s.b.a.w.s.WelcomePageHandlerMapping    : Adding welcome page template: index
2020-08-07 16:39:20.922  INFO 20876 --- [    Test worker] s.a.ScheduledAnnotationBeanPostProcessor : No TaskScheduler/ScheduledExecutorService bean found for scheduled processing
2020-08-07 16:39:21.040  INFO 20876 --- [    Test worker] o.s.b.w.embedded.tomcat.TomcatWebServer  : Tomcat started on port(s): 64552 (http) with context path ''
2020-08-07 16:39:21.048  INFO 20876 --- [    Test worker] c.w.b.s.web.ProfileControllerTest        : Started ProfileControllerTest in 22.679 seconds (JVM running for 27.115)
2020-08-07 16:39:21.697  INFO 20876 --- [o-auto-1-exec-1] o.a.c.c.C.[Tomcat].[localhost].[/]       : Initializing Spring DispatcherServlet 'dispatcherServlet'
2020-08-07 16:39:21.697  INFO 20876 --- [o-auto-1-exec-1] o.s.web.servlet.DispatcherServlet        : Initializing Servlet 'dispatcherServlet'
2020-08-07 16:39:21.765  INFO 20876 --- [o-auto-1-exec-1] o.s.web.servlet.DispatcherServlet        : Completed initialization in 68 ms
]]></system-out>
  <system-err><![CDATA[]]></system-err>
</testsuite>
